pipeline {
    agent any
    
    environment {
        PYTHONPATH = "${WORKSPACE}"
    }

    stages {
        stage('Setup Environment') {
            steps {
                echo 'Setting up Python environment...'
                sh '''
                    echo "üîç Checking Python availability..."
                    
                    # Check if Python is available
                    if command -v python3 >/dev/null 2>&1; then
                        PYTHON_CMD="python3"
                        echo "‚úÖ Found python3: $(which python3)"
                    elif command -v python >/dev/null 2>&1; then
                        PYTHON_CMD="python"
                        echo "‚úÖ Found python: $(which python)"
                    else
                        echo "‚ùå No Python found! Attempting to install..."
                        
                        # Try to install Python (requires sudo)
                        if command -v apt-get >/dev/null 2>&1; then
                            echo "üîß Installing Python via apt-get..."
                            apt-get update || sudo apt-get update || true
                            apt-get install -y python3 python3-pip || sudo apt-get install -y python3 python3-pip || true
                            PYTHON_CMD="python3"
                        elif command -v yum >/dev/null 2>&1; then
                            echo "üîß Installing Python via yum..."
                            yum install -y python3 python3-pip || sudo yum install -y python3 python3-pip || true
                            PYTHON_CMD="python3"
                        else
                            echo "üí• CRITICAL: Cannot install Python automatically!"
                            echo "Please install Python manually on the Raspberry Pi:"
                            echo "  sudo apt update"
                            echo "  sudo apt install python3 python3-pip -y"
                            exit 1
                        fi
                        
                        # Check if installation worked
                        if ! command -v $PYTHON_CMD >/dev/null 2>&1; then
                            echo "üí• Python installation failed!"
                            exit 1
                        fi
                    fi
                    
                    echo "üéØ Using Python command: $PYTHON_CMD"
                    $PYTHON_CMD --version
                    
                    # Check pip
                    if $PYTHON_CMD -m pip --version >/dev/null 2>&1; then
                        echo "‚úÖ pip available"
                    else
                        echo "‚ùå pip not available, trying to install..."
                        $PYTHON_CMD -m ensurepip --default-pip || true
                    fi
                    
                    # Upgrade pip and install requirements
                    echo "üì¶ Installing packages..."
                    $PYTHON_CMD -m pip install --upgrade pip --user || $PYTHON_CMD -m pip install --upgrade pip || true
                    $PYTHON_CMD -m pip install -r requirements.txt --user || $PYTHON_CMD -m pip install -r requirements.txt || true
                '''
            }
        }
        
        stage('Debug Environment') {
            steps {
                echo 'Running environment debug...'
                sh '''
                    chmod +x debug-jenkins.sh
                    ./debug-jenkins.sh
                '''
            }
        }
        
        stage('Code Quality Check') {
            steps {
                echo 'Running code quality checks...'
                sh '''
                    # Determine Python command
                    if command -v python3 >/dev/null 2>&1; then
                        PYTHON_CMD="python3"
                    elif command -v python >/dev/null 2>&1; then
                        PYTHON_CMD="python"
                    else
                        echo "‚ùå No Python found!"
                        exit 1
                    fi
                    
                    $PYTHON_CMD -m flake8 app.py test_app.py --output-file=flake8-report.txt || true
                '''
                archiveArtifacts artifacts: 'flake8-report.txt', allowEmptyArchive: true
            }
        }
        
        stage('Test') {
            steps {
                echo 'Running comprehensive testing...'
                sh '''
                    # Determine Python command
                    if command -v python3 >/dev/null 2>&1; then
                        PYTHON_CMD="python3"
                    elif command -v python >/dev/null 2>&1; then
                        PYTHON_CMD="python"
                    else
                        echo "‚ùå No Python found!"
                        exit 1
                    fi
                    
                    echo "Using Python command: $PYTHON_CMD"
                    
                    # Create test reports directory
                    mkdir -p test-reports
                    
                    # Run unittest tests first - FAIL BUILD IF THESE FAIL
                    echo "=== Running unittest tests ==="
                    set +e  # Don't exit immediately on error
                    $PYTHON_CMD -m unittest test_app.py -v > test-reports/unittest-output.txt 2>&1
                    UNITTEST_STATUS=$?
                    cat test-reports/unittest-output.txt
                    
                    # Run pytest tests - FAIL BUILD IF THESE FAIL  
                    echo "=== Running pytest tests ==="
                    $PYTHON_CMD -m pytest test_app_pytest.py -v \\
                        --junitxml=test-reports/pytest-results.xml \\
                        --html=test-reports/pytest-report.html --self-contained-html \\
                        --tb=short > test-reports/pytest-output.txt 2>&1
                    PYTEST_STATUS=$?
                    cat test-reports/pytest-output.txt
                    set -e  # Re-enable exit on error
                    
                    # Generate coverage (optional, don't fail build)
                    echo "=== Generating coverage report ==="
                    $PYTHON_CMD -m coverage run --source=. -m unittest test_app.py || true
                    $PYTHON_CMD -m coverage xml -o test-reports/coverage.xml || true
                    $PYTHON_CMD -m coverage html -d test-reports/htmlcov || true
                    $PYTHON_CMD -m coverage report | tee test-reports/coverage-summary.txt || true
                    
                    # Create build summary
                    echo "=== BUILD SUMMARY ===" | tee test-reports/test-summary.txt
                    echo "Build Number: ${BUILD_NUMBER}" >> test-reports/test-summary.txt
                    echo "Timestamp: $(date)" >> test-reports/test-summary.txt
                    echo "Branch: ${GIT_BRANCH}" >> test-reports/test-summary.txt
                    echo "" >> test-reports/test-summary.txt
                    
                    if [ $UNITTEST_STATUS -eq 0 ]; then
                        echo "‚úÖ UNITTEST: PASSED" | tee -a test-reports/test-summary.txt
                    else
                        echo "‚ùå UNITTEST: FAILED" | tee -a test-reports/test-summary.txt
                    fi
                    
                    if [ $PYTEST_STATUS -eq 0 ]; then
                        echo "‚úÖ PYTEST: PASSED" | tee -a test-reports/test-summary.txt
                    else
                        echo "‚ùå PYTEST: FAILED" | tee -a test-reports/test-summary.txt
                    fi
                    
                    echo "" >> test-reports/test-summary.txt
                    echo "Coverage Summary:" >> test-reports/test-summary.txt
                    cat test-reports/coverage-summary.txt >> test-reports/test-summary.txt || echo "Coverage not available" >> test-reports/test-summary.txt
                    
                    # Display final summary
                    echo ""
                    echo "üìã FINAL BUILD SUMMARY üìã"
                    cat test-reports/test-summary.txt
                    echo ""
                    
                    # CRITICAL: Check if any tests failed and FAIL THE BUILD
                    if [ $UNITTEST_STATUS -ne 0 ] || [ $PYTEST_STATUS -ne 0 ]; then
                        echo "üö®üö®üö® BUILD FAILURE! TESTS FAILED! üö®üö®üö®"
                        echo "ÔøΩ BLOCKING DEPLOYMENT TO PROTECT PRODUCTION"
                        echo "üîß Fix the failing tests and commit again"
                        echo ""
                        echo "Exit codes:"
                        echo "  - Unittest: $UNITTEST_STATUS"
                        echo "  - Pytest: $PYTEST_STATUS"
                        echo ""
                        exit 1
                    fi
                    
                    echo "‚úÖ ALL TESTS PASSED! BUILD SUCCESS!"
                    echo "üöÄ Safe to proceed with deployment"
                '''
            }
            post {
                always {
                    // Pubblica risultati dei test JUnit
                    junit testResults: 'test-reports/pytest-results.xml', allowEmptyResults: true
                    
                    // Pubblica report HTML dei test
                    publishHTML([
                        allowMissing: true,
                        alwaysLinkToLastBuild: true,
                        keepAll: true,
                        reportDir: 'test-reports',
                        reportFiles: 'pytest-report.html',
                        reportName: 'Pytest Report',
                        reportTitles: 'Test Results'
                    ])
                    
                    // Pubblica report di coverage
                    publishHTML([
                        allowMissing: true,
                        alwaysLinkToLastBuild: true,
                        keepAll: true,
                        reportDir: 'test-reports/htmlcov',
                        reportFiles: 'index.html',
                        reportName: 'Coverage Report',
                        reportTitles: 'Code Coverage'
                    ])
                    
                    // Archivia tutti i report
                    archiveArtifacts artifacts: 'test-reports/**/*', allowEmptyArchive: true, fingerprint: true
                }
            }
        }
        
        stage('Build Artifact') {
            steps {
                echo 'Creating build artifact...'
                sh '''
                    mkdir -p dist
                    cp app.py dist/
                    echo "Build completed on $(date)" > dist/build-info.txt
                    echo "Commit: $GIT_COMMIT" >> dist/build-info.txt
                    echo "Branch: $GIT_BRANCH" >> dist/build-info.txt
                    tar -czf app-${BUILD_NUMBER}.tar.gz dist/
                '''
                archiveArtifacts artifacts: 'app-*.tar.gz', fingerprint: true
            }
        }
        
        stage('Deploy to Staging') {
            when {
                branch 'main'
            }
            steps {
                echo 'Deploying to staging environment...'
                sh '''
                    echo "Simulating deployment to staging..."
                    echo "Application deployed successfully to staging at $(date)" > deployment-log.txt
                '''
                archiveArtifacts artifacts: 'deployment-log.txt', allowEmptyArchive: true
            }
        }
    }
    
    post {
        always {
            echo 'üìã Pipeline completed!'
            script {
                // Stampa un summary finale molto chiaro
                echo """
                =====================================
                üöÄ JENKINS BUILD SUMMARY
                =====================================
                Build: #${BUILD_NUMBER}
                Status: ${currentBuild.result ?: 'SUCCESS'}
                Duration: ${currentBuild.durationString}
                Workspace: ${WORKSPACE}
                =====================================
                üìä REPORTS AVAILABLE:
                ‚Ä¢ Test Results (JUnit): Check 'Test Results' tab
                ‚Ä¢ Pytest Report: Check 'Pytest Report' link  
                ‚Ä¢ Coverage Report: Check 'Coverage Report' link
                ‚Ä¢ Build Artifacts: Check 'Build Artifacts' section
                =====================================
                """
            }
            // cleanWs() non disponibile in questa installazione Jenkins
        }
        success {
            echo '‚úÖ Pipeline succeeded! üéâ'
            script {
                echo """
                üéâ BUILD SUCCESSFUL! 
                All tests passed. Ready for deployment.
                Check the reports above for detailed metrics.
                """
            }
        }
        failure {
            echo '‚ùå Pipeline failed! üí•'
            script {
                echo """
                üí• BUILD FAILED!
                Check the console output and test reports for details.
                Fix the issues and try again.
                """
            }
        }
        unstable {
            echo '‚ö†Ô∏è Pipeline unstable! Some tests failed.'
            script {
                echo """
                ‚ö†Ô∏è BUILD UNSTABLE!
                Some tests failed but build artifacts were created.
                Check test reports to see which tests failed.
                Review the 'Test Results' and 'Pytest Report' for details.
                """
            }
        }
    }
}
